# JRE version: OpenJDK Runtime Environment (8.0_275-b01) (build 1.8.0_275-8u275-b01-0ubuntu1~20.04-b01)
# Java VM: OpenJDK 64-Bit Server VM (25.275-b01 mixed mode linux-amd64 compressed oops)
Heap:
 PSYoungGen      total 352768K, used 43831K [0x0000000782380000, 0x000000079b900000, 0x00000007c0000000)
  eden space 335872K, 10% used [0x0000000782380000,0x000000078460eaa8,0x0000000796b80000)
  from space 16896K, 49% used [0x0000000796b80000,0x00000007973bf490,0x0000000797c00000)
  to   space 16384K, 0% used [0x000000079a900000,0x000000079a900000,0x000000079b900000)
 ParOldGen       total 137216K, used 19946K [0x0000000706a00000, 0x000000070f000000, 0x0000000782380000)
  object space 137216K, 14% used [0x0000000706a00000,0x0000000707d7a808,0x000000070f000000)
 Metaspace       used 55787K, capacity 59861K, committed 60072K, reserved 1101824K
  class space    used 7775K, capacity 8596K, committed 8616K, reserved 1048576K
GC Heap History (10 events):
Event: 2211.312 GC heap before
{Heap before GC invocations=23 (full 8):
 PSYoungGen      total 353792K, used 147382K [0x0000000782380000, 0x0000000798e80000, 0x00000007c0000000)
  eden space 335872K, 43% used [0x0000000782380000,0x000000078b36d988,0x0000000796b80000)
  from space 17920K, 0% used [0x0000000797d00000,0x0000000797d00000,0x0000000798e80000)
  to   space 17920K, 0% used [0x0000000796b80000,0x0000000796b80000,0x0000000797d00000)
 ParOldGen       total 137216K, used 19576K [0x0000000706a00000, 0x000000070f000000, 0x0000000782380000)
  object space 137216K, 14% used [0x0000000706a00000,0x0000000707d1e318,0x000000070f000000)
 Metaspace       used 54994K, capacity 58903K, committed 59176K, reserved 1099776K
  class space    used 7687K, capacity 8445K, committed 8488K, reserved 1048576K
Event: 2211.320 GC heap after
Heap after GC invocations=23 (full 8):
 PSYoungGen      total 339968K, used 3710K [0x0000000782380000, 0x0000000798d80000, 0x00000007c0000000)
  eden space 335872K, 0% used [0x0000000782380000,0x0000000782380000,0x0000000796b80000)
  from space 4096K, 90% used [0x0000000796b80000,0x0000000796f1f840,0x0000000796f80000)
  to   space 17408K, 0% used [0x0000000797c80000,0x0000000797c80000,0x0000000798d80000)
 ParOldGen       total 137216K, used 19584K [0x0000000706a00000, 0x000000070f000000, 0x0000000782380000)
  object space 137216K, 14% used [0x0000000706a00000,0x0000000707d20318,0x000000070f000000)
 Metaspace       used 54994K, capacity 58903K, committed 59176K, reserved 1099776K
  class space    used 7687K, capacity 8445K, committed 8488K, reserved 1048576K
}
Event: 2211.320 GC heap before
{Heap before GC invocations=24 (full 9):
 PSYoungGen      total 339968K, used 3710K [0x0000000782380000, 0x0000000798d80000, 0x00000007c0000000)
  eden space 335872K, 0% used [0x0000000782380000,0x0000000782380000,0x0000000796b80000)
  from space 4096K, 90% used [0x0000000796b80000,0x0000000796f1f840,0x0000000796f80000)
  to   space 17408K, 0% used [0x0000000797c80000,0x0000000797c80000,0x0000000798d80000)
 ParOldGen       total 137216K, used 19584K [0x0000000706a00000, 0x000000070f000000, 0x0000000782380000)
  object space 137216K, 14% used [0x0000000706a00000,0x0000000707d20318,0x000000070f000000)
 Metaspace       used 54994K, capacity 58903K, committed 59176K, reserved 1099776K
  class space    used 7687K, capacity 8445K, committed 8488K, reserved 1048576K
Event: 2211.427 GC heap after
Heap after GC invocations=24 (full 9):
 PSYoungGen      total 339968K, used 0K [0x0000000782380000, 0x0000000798d80000, 0x00000007c0000000)
  eden space 335872K, 0% used [0x0000000782380000,0x0000000782380000,0x0000000796b80000)
  from space 4096K, 0% used [0x0000000796b80000,0x0000000796b80000,0x0000000796f80000)
  to   space 17408K, 0% used [0x0000000797c80000,0x0000000797c80000,0x0000000798d80000)
 ParOldGen       total 137216K, used 19744K [0x0000000706a00000, 0x000000070f000000, 0x0000000782380000)
  object space 137216K, 14% used [0x0000000706a00000,0x0000000707d483c0,0x000000070f000000)
 Metaspace       used 54984K, capacity 58885K, committed 59176K, reserved 1099776K
  class space    used 7685K, capacity 8441K, committed 8488K, reserved 1048576K
}
Event: 2311.385 GC heap before
{Heap before GC invocations=25 (full 9):
 PSYoungGen      total 339968K, used 171399K [0x0000000782380000, 0x0000000798d80000, 0x00000007c0000000)
  eden space 335872K, 51% used [0x0000000782380000,0x000000078cae1c90,0x0000000796b80000)
  from space 4096K, 0% used [0x0000000796b80000,0x0000000796b80000,0x0000000796f80000)
  to   space 17408K, 0% used [0x0000000797c80000,0x0000000797c80000,0x0000000798d80000)
 ParOldGen       total 137216K, used 19744K [0x0000000706a00000, 0x000000070f000000, 0x0000000782380000)
  object space 137216K, 14% used [0x0000000706a00000,0x0000000707d483c0,0x000000070f000000)
 Metaspace       used 55227K, capacity 59259K, committed 59560K, reserved 1099776K
  class space    used 7717K, capacity 8503K, committed 8616K, reserved 1048576K
Event: 2311.392 GC heap after
Heap after GC invocations=25 (full 9):
 PSYoungGen      total 352256K, used 3742K [0x0000000782380000, 0x0000000798c80000, 0x00000007c0000000)
  eden space 335872K, 0% used [0x0000000782380000,0x0000000782380000,0x0000000796b80000)
  from space 16384K, 22% used [0x0000000797c80000,0x0000000798027840,0x0000000798c80000)
  to   space 16896K, 0% used [0x0000000796b80000,0x0000000796b80000,0x0000000797c00000)
 ParOldGen       total 137216K, used 19752K [0x0000000706a00000, 0x000000070f000000, 0x0000000782380000)
  object space 137216K, 14% used [0x0000000706a00000,0x0000000707d4a3c0,0x000000070f000000)
 Metaspace       used 55227K, capacity 59259K, committed 59560K, reserved 1099776K
  class space    used 7717K, capacity 8503K, committed 8616K, reserved 1048576K
}
Event: 2311.392 GC heap before
{Heap before GC invocations=26 (full 10):
 PSYoungGen      total 352256K, used 3742K [0x0000000782380000, 0x0000000798c80000, 0x00000007c0000000)
  eden space 335872K, 0% used [0x0000000782380000,0x0000000782380000,0x0000000796b80000)
  from space 16384K, 22% used [0x0000000797c80000,0x0000000798027840,0x0000000798c80000)
  to   space 16896K, 0% used [0x0000000796b80000,0x0000000796b80000,0x0000000797c00000)
 ParOldGen       total 137216K, used 19752K [0x0000000706a00000, 0x000000070f000000, 0x0000000782380000)
  object space 137216K, 14% used [0x0000000706a00000,0x0000000707d4a3c0,0x000000070f000000)
 Metaspace       used 55227K, capacity 59259K, committed 59560K, reserved 1099776K
  class space    used 7717K, capacity 8503K, committed 8616K, reserved 1048576K
Event: 2311.481 GC heap after
Heap after GC invocations=26 (full 10):
 PSYoungGen      total 352256K, used 0K [0x0000000782380000, 0x0000000798c80000, 0x00000007c0000000)
  eden space 335872K, 0% used [0x0000000782380000,0x0000000782380000,0x0000000796b80000)
  from space 16384K, 0% used [0x0000000797c80000,0x0000000797c80000,0x0000000798c80000)
  to   space 16896K, 0% used [0x0000000796b80000,0x0000000796b80000,0x0000000797c00000)
 ParOldGen       total 137216K, used 19938K [0x0000000706a00000, 0x000000070f000000, 0x0000000782380000)
  object space 137216K, 14% used [0x0000000706a00000,0x0000000707d78808,0x000000070f000000)
 Metaspace       used 55217K, capacity 59241K, committed 59560K, reserved 1099776K
  class space    used 7716K, capacity 8499K, committed 8616K, reserved 1048576K
}
Event: 2498.483 GC heap before
{Heap before GC invocations=27 (full 10):
 PSYoungGen      total 352256K, used 335846K [0x0000000782380000, 0x0000000798c80000, 0x00000007c0000000)
  eden space 335872K, 99% used [0x0000000782380000,0x0000000796b79bd0,0x0000000796b80000)
  from space 16384K, 0% used [0x0000000797c80000,0x0000000797c80000,0x0000000798c80000)
  to   space 16896K, 0% used [0x0000000796b80000,0x0000000796b80000,0x0000000797c00000)
 ParOldGen       total 137216K, used 19938K [0x0000000706a00000, 0x000000070f000000, 0x0000000782380000)
  object space 137216K, 14% used [0x0000000706a00000,0x0000000707d78808,0x000000070f000000)
 Metaspace       used 55710K, capacity 59757K, committed 59816K, reserved 1099776K
  class space    used 7765K, capacity 8560K, committed 8616K, reserved 1048576K
Event: 2498.489 GC heap after
Heap after GC invocations=27 (full 10):
 PSYoungGen      total 352768K, used 8445K [0x0000000782380000, 0x000000079b900000, 0x00000007c0000000)
  eden space 335872K, 0% used [0x0000000782380000,0x0000000782380000,0x0000000796b80000)
  from space 16896K, 49% used [0x0000000796b80000,0x00000007973bf490,0x0000000797c00000)
  to   space 16384K, 0% used [0x000000079a900000,0x000000079a900000,0x000000079b900000)
 ParOldGen       total 137216K, used 19946K [0x0000000706a00000, 0x000000070f000000, 0x0000000782380000)
  object space 137216K, 14% used [0x0000000706a00000,0x0000000707d7a808,0x000000070f000000)
 Metaspace       used 55710K, capacity 59757K, committed 59816K, reserved 1099776K
  class space    used 7765K, capacity 8560K, committed 8616K, reserved 1048576K
}

